<?xml version="1.0" encoding="UTF-8"?>
<testsuite xmlns:xsi="http://www.w3.org/2001/XMLSchema-instance" xsi:noNamespaceSchemaLocation="https://maven.apache.org/surefire/maven-surefire-plugin/xsd/surefire-test-report-3.0.xsd" version="3.0" name="com.itc.demo.DonationmanagementApplicationTests" time="10.794" tests="1" errors="0" skipped="0" failures="0">
  <properties>
[...]
</properties>
  <testcase name="contextLoads" classname="com.itc.demo.DonationmanagementApplicationTests" time="0.832">
    <system-out><![CDATA[10:57:43.423 [main] INFO org.springframework.test.context.support.AnnotationConfigContextLoaderUtils -- Could not detect default configuration classes for test class [com.itc.demo.DonationmanagementApplicationTests]: DonationmanagementApplicationTests does not declare any static, non-private, non-final, nested classes annotated with @Configuration.
10:57:43.599 [main] INFO org.springframework.boot.test.context.SpringBootTestContextBootstrapper -- Found @SpringBootConfiguration com.itc.demo.DonationmanagementApplication for test class com.itc.demo.DonationmanagementApplicationTests

  .   ____          _            __ _ _
 /\\ / ___'_ __ _ _(_)_ __  __ _ \ \ \ \
( ( )\___ | '_ | '_| | '_ \/ _` | \ \ \ \
 \\/  ___)| |_)| | | | | || (_| |  ) ) ) )
  '  |____| .__|_| |_|_| |_\__, | / / / /
 =========|_|==============|___/=/_/_/_/
 :: Spring Boot ::                (v3.2.5)

2026-01-09T10:57:44.445+05:30  INFO 9080 --- [donation-management-system] [           main] c.i.d.DonationmanagementApplicationTests : Starting DonationmanagementApplicationTests using Java 17.0.16 with PID 9080 (started by Admin in C:\Users\Admin\Downloads\donation-management-backend-main\demo)
2026-01-09T10:57:44.447+05:30  INFO 9080 --- [donation-management-system] [           main] c.i.d.DonationmanagementApplicationTests : No active profile set, falling back to 1 default profile: "default"
2026-01-09T10:57:45.893+05:30  INFO 9080 --- [donation-management-system] [           main] .s.d.r.c.RepositoryConfigurationDelegate : Bootstrapping Spring Data JPA repositories in DEFAULT mode.
2026-01-09T10:57:46.021+05:30  INFO 9080 --- [donation-management-system] [           main] .s.d.r.c.RepositoryConfigurationDelegate : Finished Spring Data repository scanning in 111 ms. Found 1 JPA repository interface.
2026-01-09T10:57:46.991+05:30  INFO 9080 --- [donation-management-system] [           main] o.hibernate.jpa.internal.util.LogHelper  : HHH000204: Processing PersistenceUnitInfo [name: default]
2026-01-09T10:57:47.113+05:30  INFO 9080 --- [donation-management-system] [           main] org.hibernate.Version                    : HHH000412: Hibernate ORM core version 6.4.4.Final
2026-01-09T10:57:47.186+05:30  INFO 9080 --- [donation-management-system] [           main] o.h.c.internal.RegionFactoryInitiator    : HHH000026: Second-level cache disabled
2026-01-09T10:57:47.757+05:30  INFO 9080 --- [donation-management-system] [           main] o.s.o.j.p.SpringPersistenceUnitInfo      : No LoadTimeWeaver setup: ignoring JPA class transformer
2026-01-09T10:57:47.807+05:30  INFO 9080 --- [donation-management-system] [           main] com.zaxxer.hikari.HikariDataSource       : HikariPool-1 - Starting...
2026-01-09T10:57:48.318+05:30  INFO 9080 --- [donation-management-system] [           main] com.zaxxer.hikari.pool.HikariPool        : HikariPool-1 - Added connection com.mysql.cj.jdbc.ConnectionImpl@67b8d45
2026-01-09T10:57:48.321+05:30  INFO 9080 --- [donation-management-system] [           main] com.zaxxer.hikari.HikariDataSource       : HikariPool-1 - Start completed.
2026-01-09T10:57:50.134+05:30  INFO 9080 --- [donation-management-system] [           main] o.h.e.t.j.p.i.JtaPlatformInitiator       : HHH000489: No JTA platform available (set 'hibernate.transaction.jta.platform' to enable JTA platform integration)
2026-01-09T10:57:50.213+05:30  INFO 9080 --- [donation-management-system] [           main] j.LocalContainerEntityManagerFactoryBean : Initialized JPA EntityManagerFactory for persistence unit 'default'
Hibernate: 
    select
        count(*) 
    from
        users u1_0
2026-01-09T10:57:51.586+05:30  WARN 9080 --- [donation-management-system] [           main] JpaBaseConfiguration$JpaWebConfiguration : spring.jpa.open-in-view is enabled by default. Therefore, database queries may be performed during view rendering. Explicitly configure spring.jpa.open-in-view to disable this warning
2026-01-09T10:57:52.329+05:30  INFO 9080 --- [donation-management-system] [           main] o.s.s.web.DefaultSecurityFilterChain     : Will secure any request with [org.springframework.security.web.session.DisableEncodeUrlFilter@3ce4b0a8, org.springframework.security.web.context.request.async.WebAsyncManagerIntegrationFilter@738955e6, org.springframework.security.web.context.SecurityContextHolderFilter@365291bd, org.springframework.security.web.header.HeaderWriterFilter@c8e99, org.springframework.web.filter.CorsFilter@624baf71, org.springframework.security.web.authentication.logout.LogoutFilter@3071d086, com.itc.demo.security.JwtAuthenticationFilter@81cd90e, org.springframework.security.web.savedrequest.RequestCacheAwareFilter@1b5e6983, org.springframework.security.web.servletapi.SecurityContextHolderAwareRequestFilter@130a99fe, org.springframework.security.web.authentication.AnonymousAuthenticationFilter@70799ca7, org.springframework.security.web.session.SessionManagementFilter@50b1dfab, org.springframework.security.web.access.ExceptionTranslationFilter@53b81a55, org.springframework.security.web.access.intercept.AuthorizationFilter@7926d092]
2026-01-09T10:57:53.064+05:30  INFO 9080 --- [donation-management-system] [           main] c.i.d.DonationmanagementApplicationTests : Started DonationmanagementApplicationTests in 9.156 seconds (process running for 10.88)
]]></system-out>
  </testcase>
</testsuite>